{
  "Cucumber Features": {
    "coverage": {
      "/home/ubuntu/bsmi/app/controllers/application_controller.rb": [
        1,
        1,
        null,
        null,
        1,
        null,
        1,
        1,
        7,
        7,
        null,
        null,
        1,
        7,
        7,
        null,
        null,
        1,
        0,
        0,
        0,
        0,
        0,
        null,
        null,
        null,
        1,
        0,
        0,
        0,
        0,
        0,
        null,
        null,
        null,
        1,
        0,
        null,
        null,
        1,
        0,
        0,
        null,
        null
      ],
      "/home/ubuntu/bsmi/app/helpers/application_helper.rb": [
        1,
        null
      ],
      "/home/ubuntu/bsmi/app/helpers/courses_helper.rb": [
        1,
        null
      ],
      "/home/ubuntu/bsmi/app/helpers/districts_helper.rb": [
        1,
        null
      ],
      "/home/ubuntu/bsmi/app/helpers/mentor_teacher/schedules_helper.rb": [
        1,
        null,
        1,
        null,
        null,
        0,
        0,
        0,
        null,
        null,
        0,
        0,
        0,
        null,
        null,
        0,
        null,
        null
      ],
      "/home/ubuntu/bsmi/app/models/mentor_teacher.rb": [
        1,
        1,
        1,
        null,
        1,
        1,
        1,
        null,
        1,
        8,
        8,
        8,
        8,
        8,
        8,
        null,
        null,
        null
      ],
      "/home/ubuntu/bsmi/app/helpers/mentor_teacher/schedules_controller_helper.rb": [
        1,
        null
      ],
      "/home/ubuntu/bsmi/app/helpers/mentor_teacher_schedule_helper.rb": [
        1,
        null
      ],
      "/home/ubuntu/bsmi/app/helpers/schools_helper.rb": [
        1,
        null
      ],
      "/home/ubuntu/bsmi/app/helpers/select_timeslots_helper.rb": [
        1,
        null
      ],
      "/home/ubuntu/bsmi/app/helpers/settings_helper.rb": [
        1,
        null
      ],
      "/home/ubuntu/bsmi/app/helpers/students_helper.rb": [
        1,
        null
      ],
      "/home/ubuntu/bsmi/app/helpers/timeslot_helper.rb": [
        1,
        null
      ],
      "/home/ubuntu/bsmi/app/helpers/timeslots_helper.rb": [
        1,
        null
      ],
      "/home/ubuntu/bsmi/app/helpers/user_sessions_helper.rb": [
        1,
        null
      ],
      "/home/ubuntu/bsmi/app/helpers/users_helper.rb": [
        1,
        null
      ],
      "/home/ubuntu/bsmi/app/controllers/cal_courses_controller.rb": [
        1,
        null,
        null,
        1,
        2,
        2,
        2,
        2,
        null,
        null,
        null,
        null,
        null,
        1,
        3,
        3,
        3,
        3,
        3,
        null,
        null,
        null,
        null,
        1,
        1,
        1,
        null,
        null,
        null,
        null,
        1,
        1,
        1,
        1,
        1,
        1,
        null,
        null,
        null,
        null,
        null,
        1,
        1,
        1,
        1,
        1,
        1,
        null,
        0,
        0,
        null,
        null,
        null,
        1,
        1,
        1,
        1,
        1,
        1,
        null,
        null,
        0,
        0,
        null,
        null,
        null,
        1,
        1,
        1,
        1,
        1,
        1,
        null,
        0,
        0,
        null,
        null,
        null,
        null
      ],
      "/home/ubuntu/bsmi/app/models/cal_course.rb": [
        1,
        1,
        null,
        1,
        1,
        1,
        null,
        null,
        1,
        1,
        null,
        1,
        2,
        2,
        2,
        2,
        6,
        6,
        6,
        8,
        8,
        8,
        null,
        8,
        null,
        null,
        null,
        null,
        2,
        null,
        null,
        1,
        2,
        2,
        3,
        3,
        3,
        null,
        null,
        null,
        null,
        1,
        2,
        4,
        4,
        null,
        null,
        null,
        1,
        1,
        1,
        null,
        null,
        null
      ],
      "/home/ubuntu/bsmi/app/controllers/courses_controller.rb": [
        1,
        null,
        null,
        1,
        0,
        null,
        null,
        null,
        null,
        1,
        0,
        null,
        null,
        null,
        null,
        1,
        0,
        null,
        null,
        null,
        1,
        0,
        null,
        null,
        null,
        null,
        1,
        0,
        null,
        0,
        0,
        null,
        0,
        null,
        null,
        null,
        null,
        null,
        1,
        0,
        null,
        0,
        0,
        null,
        0,
        null,
        null,
        null,
        null,
        null,
        1,
        0,
        0,
        null,
        0,
        null,
        null
      ],
      "/home/ubuntu/bsmi/app/models/course.rb": [
        1,
        1,
        1,
        null,
        1,
        null,
        1,
        null,
        1,
        1,
        1,
        null
      ],
      "/home/ubuntu/bsmi/app/controllers/districts_controller.rb": [
        1,
        1,
        0,
        null,
        null,
        1,
        0,
        null,
        null,
        1,
        0,
        null,
        null,
        1,
        0,
        null,
        null,
        1,
        0,
        null,
        0,
        0,
        null,
        0,
        null,
        null,
        null,
        1,
        0,
        null,
        0,
        0,
        null,
        0,
        null,
        null,
        null,
        1,
        0,
        0,
        null,
        0,
        null,
        null
      ],
      "/home/ubuntu/bsmi/app/models/district.rb": [
        1,
        1,
        1,
        1,
        null
      ],
      "/home/ubuntu/bsmi/app/controllers/mentor_teacher/schedules_controller.rb": [
        1,
        null,
        1,
        0,
        null,
        null,
        1,
        0,
        0,
        null,
        0,
        0,
        0,
        0,
        0,
        null,
        null,
        null,
        1,
        0,
        0,
        null,
        0,
        0,
        null,
        null,
        null,
        null,
        1,
        0,
        0,
        0,
        0,
        null,
        0,
        0,
        null,
        0,
        0,
        null,
        0,
        0,
        0,
        null,
        0,
        0,
        null,
        null,
        null,
        1,
        0,
        0,
        null,
        0,
        0,
        null,
        0,
        0,
        0,
        null,
        null,
        null,
        null,
        1,
        0,
        0,
        0,
        null,
        0,
        0,
        null,
        0,
        null,
        0,
        null,
        0,
        0,
        0,
        null,
        null,
        0,
        0,
        null,
        null,
        0,
        0,
        0,
        null,
        0,
        0,
        null,
        null,
        null,
        1,
        null,
        null,
        null,
        null,
        null,
        null,
        null,
        null
      ],
      "/home/ubuntu/bsmi/app/controllers/schools_controller.rb": [
        1,
        null,
        1,
        0,
        null,
        null,
        null,
        null,
        1,
        0,
        null,
        null,
        null,
        1,
        0,
        null,
        null,
        null,
        1,
        0,
        null,
        null,
        null,
        1,
        0,
        0,
        null,
        null,
        0,
        null,
        0,
        0,
        null,
        0,
        null,
        null,
        null,
        null,
        1,
        0,
        null,
        0,
        0,
        null,
        null,
        0,
        null,
        0,
        0,
        null,
        0,
        null,
        null,
        null,
        null,
        1,
        0,
        0,
        null,
        0,
        null,
        null
      ],
      "/home/ubuntu/bsmi/app/models/school.rb": [
        1,
        1,
        null,
        1,
        null,
        1,
        1,
        1,
        1,
        null
      ],
      "/home/ubuntu/bsmi/app/controllers/select_timeslots_controller.rb": [
        1,
        1,
        1,
        null,
        1,
        0,
        0,
        null,
        0,
        null,
        0,
        0,
        null,
        null,
        0,
        null,
        0,
        0,
        null,
        null,
        0,
        null,
        null,
        1,
        0,
        0,
        null,
        null,
        0,
        null,
        0,
        0,
        0,
        0,
        0,
        0,
        null,
        null,
        0,
        0,
        0,
        0,
        0,
        0,
        0,
        null,
        0,
        null,
        null,
        null,
        0,
        0,
        null,
        0,
        null,
        null,
        null,
        0,
        null,
        0,
        0,
        null,
        0,
        0,
        0,
        null,
        null,
        null,
        0,
        0,
        0,
        0,
        0,
        null,
        0,
        null,
        null,
        null,
        0,
        0,
        null,
        0,
        0,
        0,
        0,
        null,
        0,
        null,
        null,
        null,
        null,
        null,
        null,
        null,
        null,
        null,
        0,
        null,
        null,
        0,
        null,
        0,
        0,
        0,
        0,
        null,
        null,
        null,
        null,
        null
      ],
      "/home/ubuntu/bsmi/app/controllers/settings_controller.rb": [
        1,
        1,
        0,
        null,
        null,
        1,
        0,
        null,
        null,
        1,
        0,
        null,
        null,
        1,
        0,
        null,
        null,
        1,
        0,
        null,
        0,
        0,
        null,
        0,
        null,
        null,
        null,
        1,
        0,
        null,
        0,
        0,
        null,
        0,
        null,
        null,
        null,
        1,
        0,
        0,
        null,
        0,
        null,
        null
      ],
      "/home/ubuntu/bsmi/app/models/setting.rb": [
        1,
        1,
        0,
        null,
        null
      ],
      "/home/ubuntu/bsmi/app/controllers/students_controller.rb": [
        1,
        1,
        0,
        null,
        null
      ],
      "/home/ubuntu/bsmi/app/models/student.rb": [
        1,
        1,
        null,
        1,
        1,
        1,
        null,
        1,
        null,
        1,
        null,
        null,
        0,
        0,
        0,
        0,
        0,
        0,
        null,
        null,
        null
      ],
      "/home/ubuntu/bsmi/app/controllers/timeslots_controller.rb": [
        1,
        null
      ],
      "/home/ubuntu/bsmi/app/models/timeslot.rb": [
        1,
        1,
        null,
        null,
        null,
        null,
        1,
        1,
        1,
        null,
        1,
        null,
        1,
        1,
        null,
        1,
        null,
        null,
        1,
        1,
        1,
        1,
        null,
        null,
        1,
        1,
        1,
        1,
        null,
        1,
        0,
        null,
        null,
        1,
        0,
        null,
        null,
        1,
        0,
        0,
        null,
        null,
        1,
        75,
        75,
        null,
        null,
        1,
        16,
        16,
        null,
        null,
        1,
        13,
        null,
        null,
        1,
        8,
        8,
        8,
        8,
        8,
        null,
        8,
        null,
        null,
        null,
        null,
        1,
        0,
        null,
        null,
        null,
        null,
        1,
        0,
        null,
        0,
        0,
        null,
        0,
        null,
        null,
        null,
        null,
        null,
        0,
        0,
        null,
        null,
        null,
        null,
        1,
        0,
        null,
        null,
        null,
        null,
        null,
        null,
        null,
        null,
        null,
        1,
        0,
        0,
        null,
        null,
        null,
        null,
        null,
        null,
        null,
        null,
        0,
        null,
        null,
        1,
        0,
        null,
        null,
        null
      ],
      "/home/ubuntu/bsmi/app/controllers/user_sessions_controller.rb": [
        1,
        1,
        1,
        null,
        1,
        0,
        null,
        null,
        1,
        0,
        0,
        0,
        0,
        null,
        0,
        null,
        null,
        null,
        1,
        0,
        0,
        0,
        null,
        null
      ],
      "/home/ubuntu/bsmi/app/models/user_session.rb": [
        1,
        null
      ],
      "/home/ubuntu/bsmi/app/controllers/users_controller.rb": [
        1,
        1,
        1,
        null,
        1,
        0,
        null,
        null,
        1,
        0,
        0,
        0,
        0,
        null,
        0,
        0,
        null,
        null,
        0,
        null,
        null,
        null,
        null,
        0,
        0,
        0,
        null,
        0,
        0,
        null,
        null,
        null,
        null,
        1,
        0,
        null,
        null,
        1,
        0,
        null,
        null,
        1,
        0,
        0,
        0,
        0,
        null,
        0,
        null,
        null,
        null
      ],
      "/home/ubuntu/bsmi/app/models/user.rb": [
        1,
        1,
        null,
        1,
        null,
        null,
        null,
        3,
        null,
        1,
        0,
        null,
        null,
        1,
        8,
        0,
        null,
        8,
        null,
        null,
        null,
        1,
        0,
        null,
        null,
        1,
        8,
        null,
        null
      ],
      "/home/ubuntu/bsmi/app/models/preference.rb": [
        1,
        1,
        1,
        1,
        null,
        null,
        null,
        null,
        null
      ]
    },
    "timestamp": 1352079454
  },
  "RSpec": {
    "coverage": {
      "/home/ubuntu/bsmi/app/controllers/application_controller.rb": [
        1,
        1,
        null,
        null,
        1,
        null,
        1,
        1,
        0,
        0,
        null,
        null,
        1,
        0,
        0,
        null,
        null,
        1,
        0,
        0,
        0,
        0,
        0,
        null,
        null,
        null,
        1,
        0,
        0,
        0,
        0,
        0,
        null,
        null,
        null,
        1,
        0,
        null,
        null,
        1,
        0,
        0,
        null,
        null
      ],
      "/home/ubuntu/bsmi/app/helpers/application_helper.rb": [
        1,
        null
      ],
      "/home/ubuntu/bsmi/app/helpers/courses_helper.rb": [
        1,
        null
      ],
      "/home/ubuntu/bsmi/app/helpers/districts_helper.rb": [
        1,
        null
      ],
      "/home/ubuntu/bsmi/app/helpers/mentor_teacher/schedules_helper.rb": [
        1,
        null,
        1,
        null,
        null,
        0,
        0,
        0,
        null,
        null,
        0,
        0,
        0,
        null,
        null,
        0,
        null,
        null
      ],
      "/home/ubuntu/bsmi/app/models/mentor_teacher.rb": [
        1,
        1,
        1,
        null,
        1,
        1,
        1,
        null,
        1,
        0,
        0,
        0,
        0,
        0,
        0,
        null,
        null,
        null
      ],
      "/home/ubuntu/bsmi/app/helpers/mentor_teacher/schedules_controller_helper.rb": [
        1,
        null
      ],
      "/home/ubuntu/bsmi/app/helpers/mentor_teacher_schedule_helper.rb": [
        1,
        null
      ],
      "/home/ubuntu/bsmi/app/helpers/schools_helper.rb": [
        1,
        null
      ],
      "/home/ubuntu/bsmi/app/helpers/select_timeslots_helper.rb": [
        1,
        null
      ],
      "/home/ubuntu/bsmi/app/helpers/settings_helper.rb": [
        1,
        null
      ],
      "/home/ubuntu/bsmi/app/helpers/students_helper.rb": [
        1,
        null
      ],
      "/home/ubuntu/bsmi/app/helpers/timeslot_helper.rb": [
        1,
        null
      ],
      "/home/ubuntu/bsmi/app/helpers/timeslots_helper.rb": [
        1,
        null
      ],
      "/home/ubuntu/bsmi/app/helpers/user_sessions_helper.rb": [
        1,
        null
      ],
      "/home/ubuntu/bsmi/app/helpers/users_helper.rb": [
        1,
        null
      ],
      "/home/ubuntu/bsmi/app/controllers/cal_courses_controller.rb": [
        1,
        null,
        null,
        1,
        1,
        1,
        1,
        1,
        null,
        null,
        null,
        null,
        null,
        1,
        1,
        1,
        1,
        1,
        1,
        null,
        null,
        null,
        null,
        1,
        4,
        4,
        null,
        null,
        null,
        null,
        1,
        1,
        1,
        1,
        1,
        1,
        null,
        null,
        null,
        null,
        null,
        1,
        5,
        5,
        3,
        3,
        3,
        null,
        2,
        2,
        null,
        null,
        null,
        1,
        2,
        2,
        0,
        0,
        0,
        null,
        null,
        2,
        2,
        null,
        null,
        null,
        1,
        2,
        2,
        2,
        2,
        2,
        null,
        0,
        0,
        null,
        null,
        null,
        null
      ],
      "/home/ubuntu/bsmi/app/models/cal_course.rb": [
        1,
        1,
        null,
        1,
        1,
        1,
        null,
        null,
        1,
        1,
        null,
        1,
        5,
        5,
        5,
        5,
        0,
        0,
        0,
        0,
        0,
        0,
        null,
        0,
        null,
        null,
        null,
        null,
        5,
        null,
        null,
        1,
        3,
        0,
        0,
        0,
        0,
        null,
        null,
        null,
        null,
        1,
        2,
        0,
        0,
        null,
        null,
        null,
        1,
        0,
        0,
        null,
        null,
        null
      ],
      "/home/ubuntu/bsmi/app/controllers/courses_controller.rb": [
        1,
        null,
        null,
        1,
        0,
        null,
        null,
        null,
        null,
        1,
        0,
        null,
        null,
        null,
        null,
        1,
        0,
        null,
        null,
        null,
        1,
        0,
        null,
        null,
        null,
        null,
        1,
        0,
        null,
        0,
        0,
        null,
        0,
        null,
        null,
        null,
        null,
        null,
        1,
        0,
        null,
        0,
        0,
        null,
        0,
        null,
        null,
        null,
        null,
        null,
        1,
        0,
        0,
        null,
        0,
        null,
        null
      ],
      "/home/ubuntu/bsmi/app/models/course.rb": [
        1,
        1,
        1,
        null,
        1,
        null,
        1,
        null,
        1,
        1,
        1,
        null
      ],
      "/home/ubuntu/bsmi/app/controllers/districts_controller.rb": [
        1,
        1,
        0,
        null,
        null,
        1,
        0,
        null,
        null,
        1,
        0,
        null,
        null,
        1,
        0,
        null,
        null,
        1,
        0,
        null,
        0,
        0,
        null,
        0,
        null,
        null,
        null,
        1,
        0,
        null,
        0,
        0,
        null,
        0,
        null,
        null,
        null,
        1,
        0,
        0,
        null,
        0,
        null,
        null
      ],
      "/home/ubuntu/bsmi/app/models/district.rb": [
        1,
        1,
        1,
        1,
        null
      ],
      "/home/ubuntu/bsmi/app/controllers/mentor_teacher/schedules_controller.rb": [
        1,
        null,
        1,
        0,
        null,
        null,
        1,
        0,
        0,
        null,
        0,
        0,
        0,
        0,
        0,
        null,
        null,
        null,
        1,
        0,
        0,
        null,
        0,
        0,
        null,
        null,
        null,
        null,
        1,
        0,
        0,
        0,
        0,
        null,
        0,
        0,
        null,
        0,
        0,
        null,
        0,
        0,
        0,
        null,
        0,
        0,
        null,
        null,
        null,
        1,
        0,
        0,
        null,
        0,
        0,
        null,
        0,
        0,
        0,
        null,
        null,
        null,
        null,
        1,
        0,
        0,
        0,
        null,
        0,
        0,
        null,
        0,
        null,
        0,
        null,
        0,
        0,
        0,
        null,
        null,
        0,
        0,
        null,
        null,
        0,
        0,
        0,
        null,
        0,
        0,
        null,
        null,
        null,
        1,
        null,
        null,
        null,
        null,
        null,
        null,
        null,
        null
      ],
      "/home/ubuntu/bsmi/app/controllers/schools_controller.rb": [
        1,
        null,
        1,
        0,
        null,
        null,
        null,
        null,
        1,
        0,
        null,
        null,
        null,
        1,
        0,
        null,
        null,
        null,
        1,
        0,
        null,
        null,
        null,
        1,
        0,
        0,
        null,
        null,
        0,
        null,
        0,
        0,
        null,
        0,
        null,
        null,
        null,
        null,
        1,
        0,
        null,
        0,
        0,
        null,
        null,
        0,
        null,
        0,
        0,
        null,
        0,
        null,
        null,
        null,
        null,
        1,
        0,
        0,
        null,
        0,
        null,
        null
      ],
      "/home/ubuntu/bsmi/app/models/school.rb": [
        1,
        1,
        null,
        1,
        null,
        1,
        1,
        1,
        1,
        null
      ],
      "/home/ubuntu/bsmi/app/controllers/select_timeslots_controller.rb": [
        1,
        1,
        1,
        null,
        1,
        0,
        0,
        null,
        0,
        null,
        0,
        0,
        null,
        null,
        0,
        null,
        0,
        0,
        null,
        null,
        0,
        null,
        null,
        1,
        0,
        0,
        null,
        null,
        0,
        null,
        0,
        0,
        0,
        0,
        0,
        0,
        null,
        null,
        0,
        0,
        0,
        0,
        0,
        0,
        0,
        null,
        0,
        null,
        null,
        null,
        0,
        0,
        null,
        0,
        null,
        null,
        null,
        0,
        null,
        0,
        0,
        null,
        0,
        0,
        0,
        null,
        null,
        null,
        0,
        0,
        0,
        0,
        0,
        null,
        0,
        null,
        null,
        null,
        0,
        0,
        null,
        0,
        0,
        0,
        0,
        null,
        0,
        null,
        null,
        null,
        null,
        null,
        null,
        null,
        null,
        null,
        0,
        null,
        null,
        0,
        null,
        0,
        0,
        0,
        0,
        null,
        null,
        null,
        null,
        null
      ],
      "/home/ubuntu/bsmi/app/controllers/settings_controller.rb": [
        1,
        1,
        0,
        null,
        null,
        1,
        0,
        null,
        null,
        1,
        0,
        null,
        null,
        1,
        0,
        null,
        null,
        1,
        0,
        null,
        0,
        0,
        null,
        0,
        null,
        null,
        null,
        1,
        0,
        null,
        0,
        0,
        null,
        0,
        null,
        null,
        null,
        1,
        0,
        0,
        null,
        0,
        null,
        null
      ],
      "/home/ubuntu/bsmi/app/models/setting.rb": [
        1,
        1,
        0,
        null,
        null
      ],
      "/home/ubuntu/bsmi/app/controllers/students_controller.rb": [
        1,
        1,
        0,
        null,
        null
      ],
      "/home/ubuntu/bsmi/app/models/student.rb": [
        1,
        1,
        null,
        1,
        1,
        1,
        null,
        1,
        null,
        1,
        null,
        null,
        0,
        0,
        0,
        0,
        0,
        0,
        null,
        null,
        null
      ],
      "/home/ubuntu/bsmi/app/controllers/timeslots_controller.rb": [
        1,
        null
      ],
      "/home/ubuntu/bsmi/app/models/timeslot.rb": [
        1,
        1,
        null,
        null,
        null,
        null,
        1,
        1,
        1,
        null,
        1,
        null,
        1,
        1,
        null,
        1,
        null,
        null,
        1,
        1,
        1,
        1,
        null,
        null,
        1,
        1,
        1,
        1,
        null,
        1,
        0,
        null,
        null,
        1,
        0,
        null,
        null,
        1,
        0,
        0,
        null,
        null,
        1,
        0,
        0,
        null,
        null,
        1,
        0,
        0,
        null,
        null,
        1,
        0,
        null,
        null,
        1,
        0,
        0,
        0,
        0,
        0,
        null,
        0,
        null,
        null,
        null,
        null,
        1,
        0,
        null,
        null,
        null,
        null,
        1,
        0,
        null,
        0,
        0,
        null,
        0,
        null,
        null,
        null,
        null,
        null,
        0,
        0,
        null,
        null,
        null,
        null,
        1,
        0,
        null,
        null,
        null,
        null,
        null,
        null,
        null,
        null,
        null,
        1,
        0,
        0,
        null,
        null,
        null,
        null,
        null,
        null,
        null,
        null,
        0,
        null,
        null,
        1,
        0,
        null,
        null,
        null
      ],
      "/home/ubuntu/bsmi/app/controllers/user_sessions_controller.rb": [
        1,
        1,
        1,
        null,
        1,
        0,
        null,
        null,
        1,
        0,
        0,
        0,
        0,
        null,
        0,
        null,
        null,
        null,
        1,
        0,
        0,
        0,
        null,
        null
      ],
      "/home/ubuntu/bsmi/app/models/user_session.rb": [
        1,
        null
      ],
      "/home/ubuntu/bsmi/app/controllers/users_controller.rb": [
        1,
        1,
        1,
        null,
        1,
        0,
        null,
        null,
        1,
        0,
        0,
        0,
        0,
        null,
        0,
        0,
        null,
        null,
        0,
        null,
        null,
        null,
        null,
        0,
        0,
        0,
        null,
        0,
        0,
        null,
        null,
        null,
        null,
        1,
        0,
        null,
        null,
        1,
        0,
        null,
        null,
        1,
        0,
        0,
        0,
        0,
        null,
        0,
        null,
        null,
        null
      ],
      "/home/ubuntu/bsmi/app/models/user.rb": [
        1,
        1,
        null,
        1,
        null,
        null,
        null,
        3,
        null,
        1,
        0,
        null,
        null,
        1,
        0,
        0,
        null,
        0,
        null,
        null,
        null,
        1,
        0,
        null,
        null,
        1,
        0,
        null,
        null
      ],
      "/home/ubuntu/bsmi/app/models/preference.rb": [
        1,
        1,
        1,
        1,
        null,
        null,
        null,
        null,
        null
      ]
    },
    "timestamp": 1352079969
  }
}
